[2024-08-09 07:29:23] local.INFO: Inicio del proceso de cierre de sesión.  
[2024-08-09 07:29:23] local.INFO: Usuario deslogueado.  
[2024-08-09 07:29:23] local.INFO: Sesión invalidada.  
[2024-08-09 07:29:23] local.INFO: Token CSRF regenerado.  
[2024-08-09 07:31:39] local.INFO: Estado de la sesión después del inicio de sesión {"user_id":15,"session_id":"ls9BxkFH8Ukk0WHLiSJQJ9a1eTe6meDfHIC8mor7","session_data":{"_token":"RKiLFcuBHyl45PxNKSoc76AxWrNBSB7pplFTiml3","_previous":{"url":"http://127.0.0.1:8000"},"_flash":{"old":[],"new":[]},"url":{"intended":"http://127.0.0.1:8000/"},"login_web_59ba36addc2b2f9401580f014c7f58ea4e30989d":15,"user_name":"David"}} 
[2024-08-09 07:31:40] local.INFO: User Name from Session: {"user_name":"David"} 
[2024-08-09 07:31:40] local.INFO: Id de usuario -> 15  
[2024-08-09 07:31:41] local.INFO: Usuario -> {"id_usuario":15,"id_empresa":11,"nombreUsuario":"David","apellidoPaterno":"Gonzales","apellidoMaterno":"Cruz","telefonoUsuario":"2215220067","correoUsuario":"david@gmail.com","passwordUsuario":"$2y$10$RcwAqlx8b4eVjShuqdhRyu7zbjZtQ2Oldyyy2zUmHklmnZNg3kdDW","evaluacionUsuario":1,"curriculumUsuario":"curriculums\/wQqcF8AE2dWxOlJl1G7Cdmf9ZIVYdv8f76AM2HEg.pdf","descripcion":null,"foto1":"profile_images\/h4M84Res3uqhGoybPCkd8nkWAWElNDhJmGxFDHuM.jpg","foto2":"cover_images\/mnHGz89b0SfntHv9KPgHgcvvusr9nrAK664XUktD.jpg","created_at":"2024-07-22T12:04:54.000000Z","updated_at":"2024-08-08T07:19:27.000000Z"}  
[2024-08-09 07:32:15] local.INFO: Inicio del proceso de cierre de sesión.  
[2024-08-09 07:32:15] local.INFO: Usuario deslogueado.  
[2024-08-09 07:32:15] local.INFO: Sesión invalidada.  
[2024-08-09 07:32:15] local.INFO: Token CSRF regenerado.  
[2024-08-09 07:33:11] local.INFO: Estado de la sesión después del inicio de sesión {"user_id":15,"session_id":"VguNXVnmfeGVyw1DAMT9N7S72mwVsqx4Hm9rc3fk","session_data":{"_token":"jfead9IGWPisNvVqP7aB4BLyU9oBPJWsBO0pfUMf","_previous":{"url":"http://127.0.0.1:8000"},"_flash":{"old":[],"new":[]},"url":{"intended":"http://127.0.0.1:8000/"},"login_web_59ba36addc2b2f9401580f014c7f58ea4e30989d":15,"user_name":"David"}} 
[2024-08-09 07:33:11] local.INFO: User Name from Session: {"user_name":"David"} 
[2024-08-09 07:33:11] local.INFO: Id de usuario -> 15  
[2024-08-09 07:33:11] local.INFO: Usuario -> {"id_usuario":15,"id_empresa":11,"nombreUsuario":"David","apellidoPaterno":"Gonzales","apellidoMaterno":"Cruz","telefonoUsuario":"2215220067","correoUsuario":"david@gmail.com","passwordUsuario":"$2y$10$RcwAqlx8b4eVjShuqdhRyu7zbjZtQ2Oldyyy2zUmHklmnZNg3kdDW","evaluacionUsuario":1,"curriculumUsuario":"curriculums\/wQqcF8AE2dWxOlJl1G7Cdmf9ZIVYdv8f76AM2HEg.pdf","descripcion":null,"foto1":"profile_images\/h4M84Res3uqhGoybPCkd8nkWAWElNDhJmGxFDHuM.jpg","foto2":"cover_images\/mnHGz89b0SfntHv9KPgHgcvvusr9nrAK664XUktD.jpg","created_at":"2024-07-22T12:04:54.000000Z","updated_at":"2024-08-08T07:19:27.000000Z"}  
[2024-08-09 07:33:58] local.INFO: Inicio del proceso de cierre de sesión.  
[2024-08-09 07:33:58] local.INFO: Usuario deslogueado.  
[2024-08-09 07:33:58] local.INFO: Sesión invalidada.  
[2024-08-09 07:33:58] local.INFO: Token CSRF regenerado.  
[2024-08-09 11:00:20] local.INFO: Estado de la sesión después del inicio de sesión {"user_id":17,"session_id":"23x1fAlMIZkN6tFpSyo4FhEaFNd3nUzMmFiVLEtg","session_data":{"_token":"3ma5ZpArLAzYgCY0e1YAqpzZjF9fGacPgH5j4nYB","_previous":{"url":"http://127.0.0.1:8000"},"_flash":{"old":[],"new":[]},"login_web_59ba36addc2b2f9401580f014c7f58ea4e30989d":17,"user_name":"Luis"}} 
[2024-08-09 11:01:49] local.INFO: Inicio del registro de empresa y representante. {"request":{"_token":"3ma5ZpArLAzYgCY0e1YAqpzZjF9fGacPgH5j4nYB","nombreEmpresa":"Sony Inct","tipoEmpresa":"Privada","fechaCreacion":"2024-08-09","areaEmpresa":"TICS","correoEmpresa":"Sony@gmail.com","passwordEmpresa":"root6615","rfcEmpresa":"ACRCUTP123456","evaluacionEmpresa":"9","direccionEmpresa":"Av torres gemelas 123","nombreRepresentante":"Angelo Cristofer","apellidoPaternoRepresentante":"Gonzales","apellidoMaternoRepresentante":"Cruz","correoRepresentante":"jose@gmail.com","passwordRepresentante":"root6615","telefonoRepresentante":"2215220067"}} 
[2024-08-09 11:01:50] local.INFO: Datos validados correctamente. {"validatedData":{"nombreEmpresa":"Sony Inct","tipoEmpresa":"Privada","fechaCreacion":"2024-08-09","areaEmpresa":"TICS","correoEmpresa":"Sony@gmail.com","passwordEmpresa":"root6615","rfcEmpresa":"ACRCUTP123456","evaluacionEmpresa":"9","direccionEmpresa":"Av torres gemelas 123","nombreRepresentante":"Angelo Cristofer","apellidoPaternoRepresentante":"Gonzales","apellidoMaternoRepresentante":"Cruz","correoRepresentante":"jose@gmail.com","passwordRepresentante":"root6615","telefonoRepresentante":"2215220067"}} 
[2024-08-09 11:01:51] local.INFO: Contraseñas encriptadas.  
[2024-08-09 11:01:51] local.INFO: Empresa creada correctamente. {"empresa":{"App\\Models\\Empresa":{"nombreEmpresa":"Sony Inct","tipoEmpresa":"Privada","fechaCreacion":"2024-08-09T00:00:00.000000Z","areaEmpresa":"TICS","correoEmpresa":"Sony@gmail.com","passwordEmpresa":"$2y$10$9wff9tNKiOtlG8bhRK4g9.gRxf9a61YLRAHvjsGiRAKuiudqnnJ3a","rfcEmpresa":"ACRCUTP123456","evaluacionEmpresa":"9","direccionEmpresa":"Av torres gemelas 123","representanteEmpresa":"Angelo Cristofer Gonzales Cruz","updated_at":"2024-08-09T11:01:51.000000Z","created_at":"2024-08-09T11:01:51.000000Z","id_empresa":19}}} 
[2024-08-09 11:01:53] local.INFO: Representante creado como usuario correctamente. {"representante":{"App\\Models\\Usuario":{"nombreUsuario":"Angelo Cristofer","apellidoPaterno":"Gonzales","apellidoMaterno":"Cruz","correoUsuario":"jose@gmail.com","passwordUsuario":"$2y$10$MXOGI9ahzS.z79ToW89TSexYMTvUB9cxXXlauoUZiIbdFl.blTcT.","telefonoUsuario":"2215220067","id_empresa":19,"evaluacionUsuario":1,"curriculumUsuario":"","updated_at":"2024-08-09T11:01:52.000000Z","created_at":"2024-08-09T11:01:52.000000Z","id_usuario":52}}} 
[2024-08-09 11:01:54] local.INFO: Rol asignado correctamente. {"id_usuario":52,"id_rol":3} 
[2024-08-09 11:03:37] local.INFO: Inicio del proceso de cierre de sesión.  
[2024-08-09 11:03:37] local.INFO: Usuario deslogueado.  
[2024-08-09 11:03:37] local.INFO: Sesión invalidada.  
[2024-08-09 11:03:37] local.INFO: Token CSRF regenerado.  
[2024-08-09 11:03:49] local.INFO: Estado de la sesión después del inicio de sesión {"user_id":15,"session_id":"AJV9gIIw7JFsHnrsuoxaNeLCdGwYaael6yTaszrk","session_data":{"_token":"6mdSNIPsXUHeOucyO6X9hejhaop9BocFewGe8Aai","_previous":{"url":"http://127.0.0.1:8000"},"_flash":{"old":[],"new":[]},"login_web_59ba36addc2b2f9401580f014c7f58ea4e30989d":15,"user_name":"David"}} 
[2024-08-09 11:03:49] local.INFO: User Name from Session: {"user_name":"David"} 
[2024-08-09 11:03:49] local.INFO: Id de usuario -> 15  
[2024-08-09 11:03:49] local.INFO: Usuario -> {"id_usuario":15,"id_empresa":11,"nombreUsuario":"David","apellidoPaterno":"Gonzales","apellidoMaterno":"Cruz","telefonoUsuario":"2215220067","correoUsuario":"david@gmail.com","passwordUsuario":"$2y$10$RcwAqlx8b4eVjShuqdhRyu7zbjZtQ2Oldyyy2zUmHklmnZNg3kdDW","evaluacionUsuario":1,"curriculumUsuario":"curriculums\/wQqcF8AE2dWxOlJl1G7Cdmf9ZIVYdv8f76AM2HEg.pdf","descripcion":null,"foto1":"profile_images\/h4M84Res3uqhGoybPCkd8nkWAWElNDhJmGxFDHuM.jpg","foto2":"cover_images\/mnHGz89b0SfntHv9KPgHgcvvusr9nrAK664XUktD.jpg","created_at":"2024-07-22T12:04:54.000000Z","updated_at":"2024-08-08T07:19:27.000000Z"}  
[2024-08-09 11:03:57] local.INFO: Id de usuario ->15  
[2024-08-09 11:03:57] local.INFO: Usuario -> {"id_usuario":15,"id_empresa":11,"nombreUsuario":"David","apellidoPaterno":"Gonzales","apellidoMaterno":"Cruz","telefonoUsuario":"2215220067","correoUsuario":"david@gmail.com","passwordUsuario":"$2y$10$RcwAqlx8b4eVjShuqdhRyu7zbjZtQ2Oldyyy2zUmHklmnZNg3kdDW","evaluacionUsuario":1,"curriculumUsuario":"curriculums\/wQqcF8AE2dWxOlJl1G7Cdmf9ZIVYdv8f76AM2HEg.pdf","descripcion":null,"foto1":"profile_images\/h4M84Res3uqhGoybPCkd8nkWAWElNDhJmGxFDHuM.jpg","foto2":"cover_images\/mnHGz89b0SfntHv9KPgHgcvvusr9nrAK664XUktD.jpg","created_at":"2024-07-22T12:04:54.000000Z","updated_at":"2024-08-08T07:19:27.000000Z"}  
[2024-08-09 11:04:07] local.INFO: Id de usuario ->15  
[2024-08-09 11:04:07] local.INFO: Usuario -> {"id_usuario":15,"id_empresa":11,"nombreUsuario":"David","apellidoPaterno":"Gonzales","apellidoMaterno":"Cruz","telefonoUsuario":"2215220067","correoUsuario":"david@gmail.com","passwordUsuario":"$2y$10$RcwAqlx8b4eVjShuqdhRyu7zbjZtQ2Oldyyy2zUmHklmnZNg3kdDW","evaluacionUsuario":1,"curriculumUsuario":"curriculums\/wQqcF8AE2dWxOlJl1G7Cdmf9ZIVYdv8f76AM2HEg.pdf","descripcion":null,"foto1":"profile_images\/h4M84Res3uqhGoybPCkd8nkWAWElNDhJmGxFDHuM.jpg","foto2":"cover_images\/mnHGz89b0SfntHv9KPgHgcvvusr9nrAK664XUktD.jpg","created_at":"2024-07-22T12:04:54.000000Z","updated_at":"2024-08-08T07:19:27.000000Z"}  
[2024-08-09 11:34:19] local.INFO: Inicio del proceso de cierre de sesión.  
[2024-08-09 11:34:20] local.INFO: Usuario deslogueado.  
[2024-08-09 11:34:20] local.INFO: Sesión invalidada.  
[2024-08-09 11:34:20] local.INFO: Token CSRF regenerado.  
[2024-08-09 11:36:23] local.INFO: Estado de la sesión después del inicio de sesión {"user_id":17,"session_id":"qGZUqi1HfvJf0L7AL4IA6gjhbcUo5AFfsvCBXVhH","session_data":{"_token":"jUQeMX7WyBgnzLJQLR7IHLGF0nsS43og2dPiM0W8","_previous":{"url":"http://127.0.0.1:8000"},"_flash":{"old":[],"new":[]},"login_web_59ba36addc2b2f9401580f014c7f58ea4e30989d":17,"user_name":"Luis"}} 
[2024-08-09 11:36:29] local.ERROR: Undefined variable $totalUsuarios {"view":{"view":"C:\\Users\\Angelo Cristofer\\Desktop\\PVU1-3\\resources\\views\\dashboars\\Administradores\\data.blade.php","data":{"errors":"<pre class=sf-dump id=sf-dump-218283986 data-indent-pad=\"  \"><span class=sf-dump-note>Illuminate\\Support\\ViewErrorBag</span> {<a class=sf-dump-ref>#373</a><samp data-depth=1 class=sf-dump-expanded>
  #<span class=sf-dump-protected title=\"Protected property\">bags</span>: []
</samp>}
</pre><script>Sfdump(\"sf-dump-218283986\", {\"maxDepth\":3,\"maxStringLength\":160})</script>
"}},"userId":17,"exception":"[object] (Spatie\\LaravelIgnition\\Exceptions\\ViewException(code: 0): Undefined variable $totalUsuarios at C:\\Users\\Angelo Cristofer\\Desktop\\PVU1-3\\resources\\views\\dashboars\\Administradores\\data.blade.php:21)
[stacktrace]
#0 C:\\Users\\Angelo Cristofer\\Desktop\\PVU1-3\\vendor\\laravel\\framework\\src\\Illuminate\\Foundation\\Bootstrap\\HandleExceptions.php(270): Illuminate\\Foundation\\Bootstrap\\HandleExceptions->handleError(2, 'Undefined varia...', 'C:\\\\Users\\\\Angelo...', 21)
#1 C:\\Users\\Angelo Cristofer\\Desktop\\PVU1-3\\resources\\views\\dashboars\\Administradores\\data.blade.php(21): Illuminate\\Foundation\\Bootstrap\\HandleExceptions->Illuminate\\Foundation\\Bootstrap\\{closure}(2, 'Undefined varia...', 'C:\\\\Users\\\\Angelo...', 21)
#2 C:\\Users\\Angelo Cristofer\\Desktop\\PVU1-3\\vendor\\laravel\\framework\\src\\Illuminate\\Filesystem\\Filesystem.php(109): require('C:\\\\Users\\\\Angelo...')
#3 C:\\Users\\Angelo Cristofer\\Desktop\\PVU1-3\\vendor\\laravel\\framework\\src\\Illuminate\\Filesystem\\Filesystem.php(110): Illuminate\\Filesystem\\Filesystem::Illuminate\\Filesystem\\{closure}()
#4 C:\\Users\\Angelo Cristofer\\Desktop\\PVU1-3\\vendor\\laravel\\framework\\src\\Illuminate\\View\\Engines\\PhpEngine.php(58): Illuminate\\Filesystem\\Filesystem->getRequire('C:\\\\Users\\\\Angelo...', Array)
#5 C:\\Users\\Angelo Cristofer\\Desktop\\PVU1-3\\vendor\\laravel\\framework\\src\\Illuminate\\View\\Engines\\CompilerEngine.php(70): Illuminate\\View\\Engines\\PhpEngine->evaluatePath('C:\\\\Users\\\\Angelo...', Array)
#6 C:\\Users\\Angelo Cristofer\\Desktop\\PVU1-3\\vendor\\laravel\\framework\\src\\Illuminate\\View\\View.php(195): Illuminate\\View\\Engines\\CompilerEngine->get('C:\\\\Users\\\\Angelo...', Array)
#7 C:\\Users\\Angelo Cristofer\\Desktop\\PVU1-3\\vendor\\laravel\\framework\\src\\Illuminate\\View\\View.php(178): Illuminate\\View\\View->getContents()
#8 C:\\Users\\Angelo Cristofer\\Desktop\\PVU1-3\\vendor\\laravel\\framework\\src\\Illuminate\\View\\View.php(147): Illuminate\\View\\View->renderContents()
#9 C:\\Users\\Angelo Cristofer\\Desktop\\PVU1-3\\vendor\\laravel\\framework\\src\\Illuminate\\Http\\Response.php(69): Illuminate\\View\\View->render()
#10 C:\\Users\\Angelo Cristofer\\Desktop\\PVU1-3\\vendor\\laravel\\framework\\src\\Illuminate\\Http\\Response.php(35): Illuminate\\Http\\Response->setContent(Object(Illuminate\\View\\View))
#11 C:\\Users\\Angelo Cristofer\\Desktop\\PVU1-3\\vendor\\laravel\\framework\\src\\Illuminate\\Routing\\Router.php(906): Illuminate\\Http\\Response->__construct(Object(Illuminate\\View\\View), 200, Array)
#12 C:\\Users\\Angelo Cristofer\\Desktop\\PVU1-3\\vendor\\laravel\\framework\\src\\Illuminate\\Routing\\Router.php(875): Illuminate\\Routing\\Router::toResponse(Object(Illuminate\\Http\\Request), Object(Illuminate\\View\\View))
#13 C:\\Users\\Angelo Cristofer\\Desktop\\PVU1-3\\vendor\\laravel\\framework\\src\\Illuminate\\Routing\\Router.php(798): Illuminate\\Routing\\Router->prepareResponse(Object(Illuminate\\Http\\Request), Object(Illuminate\\View\\View))
#14 C:\\Users\\Angelo Cristofer\\Desktop\\PVU1-3\\vendor\\laravel\\framework\\src\\Illuminate\\Pipeline\\Pipeline.php(141): Illuminate\\Routing\\Router->Illuminate\\Routing\\{closure}(Object(Illuminate\\Http\\Request))
#15 C:\\Users\\Angelo Cristofer\\Desktop\\PVU1-3\\vendor\\laravel\\framework\\src\\Illuminate\\Routing\\Middleware\\SubstituteBindings.php(50): Illuminate\\Pipeline\\Pipeline->Illuminate\\Pipeline\\{closure}(Object(Illuminate\\Http\\Request))
#16 C:\\Users\\Angelo Cristofer\\Desktop\\PVU1-3\\vendor\\laravel\\framework\\src\\Illuminate\\Pipeline\\Pipeline.php(180): Illuminate\\Routing\\Middleware\\SubstituteBindings->handle(Object(Illuminate\\Http\\Request), Object(Closure))
#17 C:\\Users\\Angelo Cristofer\\Desktop\\PVU1-3\\vendor\\laravel\\framework\\src\\Illuminate\\View\\Middleware\\ShareErrorsFromSession.php(49): Illuminate\\Pipeline\\Pipeline->Illuminate\\Pipeline\\{closure}(Object(Illuminate\\Http\\Request))
#18 C:\\Users\\Angelo Cristofer\\Desktop\\PVU1-3\\vendor\\laravel\\framework\\src\\Illuminate\\Pipeline\\Pipeline.php(180): Illuminate\\View\\Middleware\\ShareErrorsFromSession->handle(Object(Illuminate\\Http\\Request), Object(Closure))
#19 C:\\Users\\Angelo Cristofer\\Desktop\\PVU1-3\\vendor\\laravel\\framework\\src\\Illuminate\\Session\\Middleware\\StartSession.php(121): Illuminate\\Pipeline\\Pipeline->Illuminate\\Pipeline\\{closure}(Object(Illuminate\\Http\\Request))
#20 C:\\Users\\Angelo Cristofer\\Desktop\\PVU1-3\\vendor\\laravel\\framework\\src\\Illuminate\\Session\\Middleware\\StartSession.php(64): Illuminate\\Session\\Middleware\\StartSession->handleStatefulRequest(Object(Illuminate\\Http\\Request), Object(Illuminate\\Session\\Store), Object(Closure))
#21 C:\\Users\\Angelo Cristofer\\Desktop\\PVU1-3\\vendor\\laravel\\framework\\src\\Illuminate\\Pipeline\\Pipeline.php(180): Illuminate\\Session\\Middleware\\StartSession->handle(Object(Illuminate\\Http\\Request), Object(Closure))
#22 C:\\Users\\Angelo Cristofer\\Desktop\\PVU1-3\\vendor\\laravel\\framework\\src\\Illuminate\\Cookie\\Middleware\\AddQueuedCookiesToResponse.php(37): Illuminate\\Pipeline\\Pipeline->Illuminate\\Pipeline\\{closure}(Object(Illuminate\\Http\\Request))
#23 C:\\Users\\Angelo Cristofer\\Desktop\\PVU1-3\\vendor\\laravel\\framework\\src\\Illuminate\\Pipeline\\Pipeline.php(180): Illuminate\\Cookie\\Middleware\\AddQueuedCookiesToResponse->handle(Object(Illuminate\\Http\\Request), Object(Closure))
#24 C:\\Users\\Angelo Cristofer\\Desktop\\PVU1-3\\vendor\\laravel\\framework\\src\\Illuminate\\Cookie\\Middleware\\EncryptCookies.php(67): Illuminate\\Pipeline\\Pipeline->Illuminate\\Pipeline\\{closure}(Object(Illuminate\\Http\\Request))
#25 C:\\Users\\Angelo Cristofer\\Desktop\\PVU1-3\\vendor\\laravel\\framework\\src\\Illuminate\\Pipeline\\Pipeline.php(180): Illuminate\\Cookie\\Middleware\\EncryptCookies->handle(Object(Illuminate\\Http\\Request), Object(Closure))
#26 C:\\Users\\Angelo Cristofer\\Desktop\\PVU1-3\\vendor\\laravel\\framework\\src\\Illuminate\\Pipeline\\Pipeline.php(116): Illuminate\\Pipeline\\Pipeline->Illuminate\\Pipeline\\{closure}(Object(Illuminate\\Http\\Request))
#27 C:\\Users\\Angelo Cristofer\\Desktop\\PVU1-3\\vendor\\laravel\\framework\\src\\Illuminate\\Routing\\Router.php(799): Illuminate\\Pipeline\\Pipeline->then(Object(Closure))
#28 C:\\Users\\Angelo Cristofer\\Desktop\\PVU1-3\\vendor\\laravel\\framework\\src\\Illuminate\\Routing\\Router.php(776): Illuminate\\Routing\\Router->runRouteWithinStack(Object(Illuminate\\Routing\\Route), Object(Illuminate\\Http\\Request))
#29 C:\\Users\\Angelo Cristofer\\Desktop\\PVU1-3\\vendor\\laravel\\framework\\src\\Illuminate\\Routing\\Router.php(740): Illuminate\\Routing\\Router->runRoute(Object(Illuminate\\Http\\Request), Object(Illuminate\\Routing\\Route))
#30 C:\\Users\\Angelo Cristofer\\Desktop\\PVU1-3\\vendor\\laravel\\framework\\src\\Illuminate\\Routing\\Router.php(729): Illuminate\\Routing\\Router->dispatchToRoute(Object(Illuminate\\Http\\Request))
#31 C:\\Users\\Angelo Cristofer\\Desktop\\PVU1-3\\vendor\\laravel\\framework\\src\\Illuminate\\Foundation\\Http\\Kernel.php(190): Illuminate\\Routing\\Router->dispatch(Object(Illuminate\\Http\\Request))
#32 C:\\Users\\Angelo Cristofer\\Desktop\\PVU1-3\\vendor\\laravel\\framework\\src\\Illuminate\\Pipeline\\Pipeline.php(141): Illuminate\\Foundation\\Http\\Kernel->Illuminate\\Foundation\\Http\\{closure}(Object(Illuminate\\Http\\Request))
#33 C:\\Users\\Angelo Cristofer\\Desktop\\PVU1-3\\vendor\\laravel\\framework\\src\\Illuminate\\Foundation\\Http\\Middleware\\TransformsRequest.php(21): Illuminate\\Pipeline\\Pipeline->Illuminate\\Pipeline\\{closure}(Object(Illuminate\\Http\\Request))
#34 C:\\Users\\Angelo Cristofer\\Desktop\\PVU1-3\\vendor\\laravel\\framework\\src\\Illuminate\\Foundation\\Http\\Middleware\\ConvertEmptyStringsToNull.php(31): Illuminate\\Foundation\\Http\\Middleware\\TransformsRequest->handle(Object(Illuminate\\Http\\Request), Object(Closure))
#35 C:\\Users\\Angelo Cristofer\\Desktop\\PVU1-3\\vendor\\laravel\\framework\\src\\Illuminate\\Pipeline\\Pipeline.php(180): Illuminate\\Foundation\\Http\\Middleware\\ConvertEmptyStringsToNull->handle(Object(Illuminate\\Http\\Request), Object(Closure))
#36 C:\\Users\\Angelo Cristofer\\Desktop\\PVU1-3\\vendor\\laravel\\framework\\src\\Illuminate\\Foundation\\Http\\Middleware\\TransformsRequest.php(21): Illuminate\\Pipeline\\Pipeline->Illuminate\\Pipeline\\{closure}(Object(Illuminate\\Http\\Request))
#37 C:\\Users\\Angelo Cristofer\\Desktop\\PVU1-3\\vendor\\laravel\\framework\\src\\Illuminate\\Foundation\\Http\\Middleware\\TrimStrings.php(40): Illuminate\\Foundation\\Http\\Middleware\\TransformsRequest->handle(Object(Illuminate\\Http\\Request), Object(Closure))
#38 C:\\Users\\Angelo Cristofer\\Desktop\\PVU1-3\\vendor\\laravel\\framework\\src\\Illuminate\\Pipeline\\Pipeline.php(180): Illuminate\\Foundation\\Http\\Middleware\\TrimStrings->handle(Object(Illuminate\\Http\\Request), Object(Closure))
#39 C:\\Users\\Angelo Cristofer\\Desktop\\PVU1-3\\vendor\\laravel\\framework\\src\\Illuminate\\Foundation\\Http\\Middleware\\ValidatePostSize.php(27): Illuminate\\Pipeline\\Pipeline->Illuminate\\Pipeline\\{closure}(Object(Illuminate\\Http\\Request))
#40 C:\\Users\\Angelo Cristofer\\Desktop\\PVU1-3\\vendor\\laravel\\framework\\src\\Illuminate\\Pipeline\\Pipeline.php(180): Illuminate\\Foundation\\Http\\Middleware\\ValidatePostSize->handle(Object(Illuminate\\Http\\Request), Object(Closure))
#41 C:\\Users\\Angelo Cristofer\\Desktop\\PVU1-3\\vendor\\laravel\\framework\\src\\Illuminate\\Foundation\\Http\\Middleware\\PreventRequestsDuringMaintenance.php(86): Illuminate\\Pipeline\\Pipeline->Illuminate\\Pipeline\\{closure}(Object(Illuminate\\Http\\Request))
#42 C:\\Users\\Angelo Cristofer\\Desktop\\PVU1-3\\vendor\\laravel\\framework\\src\\Illuminate\\Pipeline\\Pipeline.php(180): Illuminate\\Foundation\\Http\\Middleware\\PreventRequestsDuringMaintenance->handle(Object(Illuminate\\Http\\Request), Object(Closure))
#43 C:\\Users\\Angelo Cristofer\\Desktop\\PVU1-3\\vendor\\laravel\\framework\\src\\Illuminate\\Http\\Middleware\\HandleCors.php(49): Illuminate\\Pipeline\\Pipeline->Illuminate\\Pipeline\\{closure}(Object(Illuminate\\Http\\Request))
#44 C:\\Users\\Angelo Cristofer\\Desktop\\PVU1-3\\vendor\\laravel\\framework\\src\\Illuminate\\Pipeline\\Pipeline.php(180): Illuminate\\Http\\Middleware\\HandleCors->handle(Object(Illuminate\\Http\\Request), Object(Closure))
#45 C:\\Users\\Angelo Cristofer\\Desktop\\PVU1-3\\vendor\\laravel\\framework\\src\\Illuminate\\Http\\Middleware\\TrustProxies.php(39): Illuminate\\Pipeline\\Pipeline->Illuminate\\Pipeline\\{closure}(Object(Illuminate\\Http\\Request))
#46 C:\\Users\\Angelo Cristofer\\Desktop\\PVU1-3\\vendor\\laravel\\framework\\src\\Illuminate\\Pipeline\\Pipeline.php(180): Illuminate\\Http\\Middleware\\TrustProxies->handle(Object(Illuminate\\Http\\Request), Object(Closure))
#47 C:\\Users\\Angelo Cristofer\\Desktop\\PVU1-3\\vendor\\laravel\\framework\\src\\Illuminate\\Pipeline\\Pipeline.php(116): Illuminate\\Pipeline\\Pipeline->Illuminate\\Pipeline\\{closure}(Object(Illuminate\\Http\\Request))
#48 C:\\Users\\Angelo Cristofer\\Desktop\\PVU1-3\\vendor\\laravel\\framework\\src\\Illuminate\\Foundation\\Http\\Kernel.php(165): Illuminate\\Pipeline\\Pipeline->then(Object(Closure))
#49 C:\\Users\\Angelo Cristofer\\Desktop\\PVU1-3\\vendor\\laravel\\framework\\src\\Illuminate\\Foundation\\Http\\Kernel.php(134): Illuminate\\Foundation\\Http\\Kernel->sendRequestThroughRouter(Object(Illuminate\\Http\\Request))
#50 C:\\Users\\Angelo Cristofer\\Desktop\\PVU1-3\\public\\index.php(52): Illuminate\\Foundation\\Http\\Kernel->handle(Object(Illuminate\\Http\\Request))
#51 C:\\Users\\Angelo Cristofer\\Desktop\\PVU1-3\\vendor\\laravel\\framework\\src\\Illuminate\\Foundation\\resources\\server.php(16): require_once('C:\\\\Users\\\\Angelo...')
#52 {main}

[previous exception] [object] (ErrorException(code: 0): Undefined variable $totalUsuarios at C:\\Users\\Angelo Cristofer\\Desktop\\PVU1-3\\storage\\framework\\views\\d05feda5e3d62cff8f202a98f398a042f1880be3.php:21)
[stacktrace]
#0 C:\\Users\\Angelo Cristofer\\Desktop\\PVU1-3\\vendor\\laravel\\framework\\src\\Illuminate\\Foundation\\Bootstrap\\HandleExceptions.php(270): Illuminate\\Foundation\\Bootstrap\\HandleExceptions->handleError(2, 'Undefined varia...', 'C:\\\\Users\\\\Angelo...', 21)
#1 C:\\Users\\Angelo Cristofer\\Desktop\\PVU1-3\\storage\\framework\\views\\d05feda5e3d62cff8f202a98f398a042f1880be3.php(21): Illuminate\\Foundation\\Bootstrap\\HandleExceptions->Illuminate\\Foundation\\Bootstrap\\{closure}(2, 'Undefined varia...', 'C:\\\\Users\\\\Angelo...', 21)
#2 C:\\Users\\Angelo Cristofer\\Desktop\\PVU1-3\\vendor\\laravel\\framework\\src\\Illuminate\\Filesystem\\Filesystem.php(109): require('C:\\\\Users\\\\Angelo...')
#3 C:\\Users\\Angelo Cristofer\\Desktop\\PVU1-3\\vendor\\laravel\\framework\\src\\Illuminate\\Filesystem\\Filesystem.php(110): Illuminate\\Filesystem\\Filesystem::Illuminate\\Filesystem\\{closure}()
#4 C:\\Users\\Angelo Cristofer\\Desktop\\PVU1-3\\vendor\\laravel\\framework\\src\\Illuminate\\View\\Engines\\PhpEngine.php(58): Illuminate\\Filesystem\\Filesystem->getRequire('C:\\\\Users\\\\Angelo...', Array)
#5 C:\\Users\\Angelo Cristofer\\Desktop\\PVU1-3\\vendor\\laravel\\framework\\src\\Illuminate\\View\\Engines\\CompilerEngine.php(70): Illuminate\\View\\Engines\\PhpEngine->evaluatePath('C:\\\\Users\\\\Angelo...', Array)
#6 C:\\Users\\Angelo Cristofer\\Desktop\\PVU1-3\\vendor\\laravel\\framework\\src\\Illuminate\\View\\View.php(195): Illuminate\\View\\Engines\\CompilerEngine->get('C:\\\\Users\\\\Angelo...', Array)
#7 C:\\Users\\Angelo Cristofer\\Desktop\\PVU1-3\\vendor\\laravel\\framework\\src\\Illuminate\\View\\View.php(178): Illuminate\\View\\View->getContents()
#8 C:\\Users\\Angelo Cristofer\\Desktop\\PVU1-3\\vendor\\laravel\\framework\\src\\Illuminate\\View\\View.php(147): Illuminate\\View\\View->renderContents()
#9 C:\\Users\\Angelo Cristofer\\Desktop\\PVU1-3\\vendor\\laravel\\framework\\src\\Illuminate\\Http\\Response.php(69): Illuminate\\View\\View->render()
#10 C:\\Users\\Angelo Cristofer\\Desktop\\PVU1-3\\vendor\\laravel\\framework\\src\\Illuminate\\Http\\Response.php(35): Illuminate\\Http\\Response->setContent(Object(Illuminate\\View\\View))
#11 C:\\Users\\Angelo Cristofer\\Desktop\\PVU1-3\\vendor\\laravel\\framework\\src\\Illuminate\\Routing\\Router.php(906): Illuminate\\Http\\Response->__construct(Object(Illuminate\\View\\View), 200, Array)
#12 C:\\Users\\Angelo Cristofer\\Desktop\\PVU1-3\\vendor\\laravel\\framework\\src\\Illuminate\\Routing\\Router.php(875): Illuminate\\Routing\\Router::toResponse(Object(Illuminate\\Http\\Request), Object(Illuminate\\View\\View))
#13 C:\\Users\\Angelo Cristofer\\Desktop\\PVU1-3\\vendor\\laravel\\framework\\src\\Illuminate\\Routing\\Router.php(798): Illuminate\\Routing\\Router->prepareResponse(Object(Illuminate\\Http\\Request), Object(Illuminate\\View\\View))
#14 C:\\Users\\Angelo Cristofer\\Desktop\\PVU1-3\\vendor\\laravel\\framework\\src\\Illuminate\\Pipeline\\Pipeline.php(141): Illuminate\\Routing\\Router->Illuminate\\Routing\\{closure}(Object(Illuminate\\Http\\Request))
#15 C:\\Users\\Angelo Cristofer\\Desktop\\PVU1-3\\vendor\\laravel\\framework\\src\\Illuminate\\Routing\\Middleware\\SubstituteBindings.php(50): Illuminate\\Pipeline\\Pipeline->Illuminate\\Pipeline\\{closure}(Object(Illuminate\\Http\\Request))
#16 C:\\Users\\Angelo Cristofer\\Desktop\\PVU1-3\\vendor\\laravel\\framework\\src\\Illuminate\\Pipeline\\Pipeline.php(180): Illuminate\\Routing\\Middleware\\SubstituteBindings->handle(Object(Illuminate\\Http\\Request), Object(Closure))
#17 C:\\Users\\Angelo Cristofer\\Desktop\\PVU1-3\\vendor\\laravel\\framework\\src\\Illuminate\\View\\Middleware\\ShareErrorsFromSession.php(49): Illuminate\\Pipeline\\Pipeline->Illuminate\\Pipeline\\{closure}(Object(Illuminate\\Http\\Request))
#18 C:\\Users\\Angelo Cristofer\\Desktop\\PVU1-3\\vendor\\laravel\\framework\\src\\Illuminate\\Pipeline\\Pipeline.php(180): Illuminate\\View\\Middleware\\ShareErrorsFromSession->handle(Object(Illuminate\\Http\\Request), Object(Closure))
#19 C:\\Users\\Angelo Cristofer\\Desktop\\PVU1-3\\vendor\\laravel\\framework\\src\\Illuminate\\Session\\Middleware\\StartSession.php(121): Illuminate\\Pipeline\\Pipeline->Illuminate\\Pipeline\\{closure}(Object(Illuminate\\Http\\Request))
#20 C:\\Users\\Angelo Cristofer\\Desktop\\PVU1-3\\vendor\\laravel\\framework\\src\\Illuminate\\Session\\Middleware\\StartSession.php(64): Illuminate\\Session\\Middleware\\StartSession->handleStatefulRequest(Object(Illuminate\\Http\\Request), Object(Illuminate\\Session\\Store), Object(Closure))
#21 C:\\Users\\Angelo Cristofer\\Desktop\\PVU1-3\\vendor\\laravel\\framework\\src\\Illuminate\\Pipeline\\Pipeline.php(180): Illuminate\\Session\\Middleware\\StartSession->handle(Object(Illuminate\\Http\\Request), Object(Closure))
#22 C:\\Users\\Angelo Cristofer\\Desktop\\PVU1-3\\vendor\\laravel\\framework\\src\\Illuminate\\Cookie\\Middleware\\AddQueuedCookiesToResponse.php(37): Illuminate\\Pipeline\\Pipeline->Illuminate\\Pipeline\\{closure}(Object(Illuminate\\Http\\Request))
#23 C:\\Users\\Angelo Cristofer\\Desktop\\PVU1-3\\vendor\\laravel\\framework\\src\\Illuminate\\Pipeline\\Pipeline.php(180): Illuminate\\Cookie\\Middleware\\AddQueuedCookiesToResponse->handle(Object(Illuminate\\Http\\Request), Object(Closure))
#24 C:\\Users\\Angelo Cristofer\\Desktop\\PVU1-3\\vendor\\laravel\\framework\\src\\Illuminate\\Cookie\\Middleware\\EncryptCookies.php(67): Illuminate\\Pipeline\\Pipeline->Illuminate\\Pipeline\\{closure}(Object(Illuminate\\Http\\Request))
#25 C:\\Users\\Angelo Cristofer\\Desktop\\PVU1-3\\vendor\\laravel\\framework\\src\\Illuminate\\Pipeline\\Pipeline.php(180): Illuminate\\Cookie\\Middleware\\EncryptCookies->handle(Object(Illuminate\\Http\\Request), Object(Closure))
#26 C:\\Users\\Angelo Cristofer\\Desktop\\PVU1-3\\vendor\\laravel\\framework\\src\\Illuminate\\Pipeline\\Pipeline.php(116): Illuminate\\Pipeline\\Pipeline->Illuminate\\Pipeline\\{closure}(Object(Illuminate\\Http\\Request))
#27 C:\\Users\\Angelo Cristofer\\Desktop\\PVU1-3\\vendor\\laravel\\framework\\src\\Illuminate\\Routing\\Router.php(799): Illuminate\\Pipeline\\Pipeline->then(Object(Closure))
#28 C:\\Users\\Angelo Cristofer\\Desktop\\PVU1-3\\vendor\\laravel\\framework\\src\\Illuminate\\Routing\\Router.php(776): Illuminate\\Routing\\Router->runRouteWithinStack(Object(Illuminate\\Routing\\Route), Object(Illuminate\\Http\\Request))
#29 C:\\Users\\Angelo Cristofer\\Desktop\\PVU1-3\\vendor\\laravel\\framework\\src\\Illuminate\\Routing\\Router.php(740): Illuminate\\Routing\\Router->runRoute(Object(Illuminate\\Http\\Request), Object(Illuminate\\Routing\\Route))
#30 C:\\Users\\Angelo Cristofer\\Desktop\\PVU1-3\\vendor\\laravel\\framework\\src\\Illuminate\\Routing\\Router.php(729): Illuminate\\Routing\\Router->dispatchToRoute(Object(Illuminate\\Http\\Request))
#31 C:\\Users\\Angelo Cristofer\\Desktop\\PVU1-3\\vendor\\laravel\\framework\\src\\Illuminate\\Foundation\\Http\\Kernel.php(190): Illuminate\\Routing\\Router->dispatch(Object(Illuminate\\Http\\Request))
#32 C:\\Users\\Angelo Cristofer\\Desktop\\PVU1-3\\vendor\\laravel\\framework\\src\\Illuminate\\Pipeline\\Pipeline.php(141): Illuminate\\Foundation\\Http\\Kernel->Illuminate\\Foundation\\Http\\{closure}(Object(Illuminate\\Http\\Request))
#33 C:\\Users\\Angelo Cristofer\\Desktop\\PVU1-3\\vendor\\laravel\\framework\\src\\Illuminate\\Foundation\\Http\\Middleware\\TransformsRequest.php(21): Illuminate\\Pipeline\\Pipeline->Illuminate\\Pipeline\\{closure}(Object(Illuminate\\Http\\Request))
#34 C:\\Users\\Angelo Cristofer\\Desktop\\PVU1-3\\vendor\\laravel\\framework\\src\\Illuminate\\Foundation\\Http\\Middleware\\ConvertEmptyStringsToNull.php(31): Illuminate\\Foundation\\Http\\Middleware\\TransformsRequest->handle(Object(Illuminate\\Http\\Request), Object(Closure))
#35 C:\\Users\\Angelo Cristofer\\Desktop\\PVU1-3\\vendor\\laravel\\framework\\src\\Illuminate\\Pipeline\\Pipeline.php(180): Illuminate\\Foundation\\Http\\Middleware\\ConvertEmptyStringsToNull->handle(Object(Illuminate\\Http\\Request), Object(Closure))
#36 C:\\Users\\Angelo Cristofer\\Desktop\\PVU1-3\\vendor\\laravel\\framework\\src\\Illuminate\\Foundation\\Http\\Middleware\\TransformsRequest.php(21): Illuminate\\Pipeline\\Pipeline->Illuminate\\Pipeline\\{closure}(Object(Illuminate\\Http\\Request))
#37 C:\\Users\\Angelo Cristofer\\Desktop\\PVU1-3\\vendor\\laravel\\framework\\src\\Illuminate\\Foundation\\Http\\Middleware\\TrimStrings.php(40): Illuminate\\Foundation\\Http\\Middleware\\TransformsRequest->handle(Object(Illuminate\\Http\\Request), Object(Closure))
#38 C:\\Users\\Angelo Cristofer\\Desktop\\PVU1-3\\vendor\\laravel\\framework\\src\\Illuminate\\Pipeline\\Pipeline.php(180): Illuminate\\Foundation\\Http\\Middleware\\TrimStrings->handle(Object(Illuminate\\Http\\Request), Object(Closure))
#39 C:\\Users\\Angelo Cristofer\\Desktop\\PVU1-3\\vendor\\laravel\\framework\\src\\Illuminate\\Foundation\\Http\\Middleware\\ValidatePostSize.php(27): Illuminate\\Pipeline\\Pipeline->Illuminate\\Pipeline\\{closure}(Object(Illuminate\\Http\\Request))
#40 C:\\Users\\Angelo Cristofer\\Desktop\\PVU1-3\\vendor\\laravel\\framework\\src\\Illuminate\\Pipeline\\Pipeline.php(180): Illuminate\\Foundation\\Http\\Middleware\\ValidatePostSize->handle(Object(Illuminate\\Http\\Request), Object(Closure))
#41 C:\\Users\\Angelo Cristofer\\Desktop\\PVU1-3\\vendor\\laravel\\framework\\src\\Illuminate\\Foundation\\Http\\Middleware\\PreventRequestsDuringMaintenance.php(86): Illuminate\\Pipeline\\Pipeline->Illuminate\\Pipeline\\{closure}(Object(Illuminate\\Http\\Request))
#42 C:\\Users\\Angelo Cristofer\\Desktop\\PVU1-3\\vendor\\laravel\\framework\\src\\Illuminate\\Pipeline\\Pipeline.php(180): Illuminate\\Foundation\\Http\\Middleware\\PreventRequestsDuringMaintenance->handle(Object(Illuminate\\Http\\Request), Object(Closure))
#43 C:\\Users\\Angelo Cristofer\\Desktop\\PVU1-3\\vendor\\laravel\\framework\\src\\Illuminate\\Http\\Middleware\\HandleCors.php(49): Illuminate\\Pipeline\\Pipeline->Illuminate\\Pipeline\\{closure}(Object(Illuminate\\Http\\Request))
#44 C:\\Users\\Angelo Cristofer\\Desktop\\PVU1-3\\vendor\\laravel\\framework\\src\\Illuminate\\Pipeline\\Pipeline.php(180): Illuminate\\Http\\Middleware\\HandleCors->handle(Object(Illuminate\\Http\\Request), Object(Closure))
#45 C:\\Users\\Angelo Cristofer\\Desktop\\PVU1-3\\vendor\\laravel\\framework\\src\\Illuminate\\Http\\Middleware\\TrustProxies.php(39): Illuminate\\Pipeline\\Pipeline->Illuminate\\Pipeline\\{closure}(Object(Illuminate\\Http\\Request))
#46 C:\\Users\\Angelo Cristofer\\Desktop\\PVU1-3\\vendor\\laravel\\framework\\src\\Illuminate\\Pipeline\\Pipeline.php(180): Illuminate\\Http\\Middleware\\TrustProxies->handle(Object(Illuminate\\Http\\Request), Object(Closure))
#47 C:\\Users\\Angelo Cristofer\\Desktop\\PVU1-3\\vendor\\laravel\\framework\\src\\Illuminate\\Pipeline\\Pipeline.php(116): Illuminate\\Pipeline\\Pipeline->Illuminate\\Pipeline\\{closure}(Object(Illuminate\\Http\\Request))
#48 C:\\Users\\Angelo Cristofer\\Desktop\\PVU1-3\\vendor\\laravel\\framework\\src\\Illuminate\\Foundation\\Http\\Kernel.php(165): Illuminate\\Pipeline\\Pipeline->then(Object(Closure))
#49 C:\\Users\\Angelo Cristofer\\Desktop\\PVU1-3\\vendor\\laravel\\framework\\src\\Illuminate\\Foundation\\Http\\Kernel.php(134): Illuminate\\Foundation\\Http\\Kernel->sendRequestThroughRouter(Object(Illuminate\\Http\\Request))
#50 C:\\Users\\Angelo Cristofer\\Desktop\\PVU1-3\\public\\index.php(52): Illuminate\\Foundation\\Http\\Kernel->handle(Object(Illuminate\\Http\\Request))
#51 C:\\Users\\Angelo Cristofer\\Desktop\\PVU1-3\\vendor\\laravel\\framework\\src\\Illuminate\\Foundation\\resources\\server.php(16): require_once('C:\\\\Users\\\\Angelo...')
#52 {main}
"} 
[2024-08-09 11:37:07] local.ERROR: Maximum execution time of 60 seconds exceeded {"userId":17,"exception":"[object] (Symfony\\Component\\ErrorHandler\\Error\\FatalError(code: 0): Maximum execution time of 60 seconds exceeded at C:\\Users\\Angelo Cristofer\\Desktop\\PVU1-3\\vendor\\spatie\\flare-client-php\\src\\Time\\Time.php:9)
[stacktrace]
#0 {main}
"} 
[2024-08-09 11:39:18] local.INFO: Estado de la sesión después del inicio de sesión {"user_id":17,"session_id":"qeQ3LP9iPBdnHsQwHGhioARk76l2wKQKRTajSFyU","session_data":{"_token":"sfQbtO8t4pO7z9ZUKqivGIgsDegeum6B5BP8cWCu","login_web_59ba36addc2b2f9401580f014c7f58ea4e30989d":17,"user_name":"Luis"}} 
